sample.interval=20000
"ls" "FUN" "lapply" ".rs.objectsOnSearchPath" ".rs.getCompletionsSearchPath" "Reduce" "<Anonymous>" 
"ls" "FUN" "lapply" ".rs.objectsOnSearchPath" ".rs.getCompletionsSearchPath" "Reduce" "<Anonymous>" 
"parse" "doTryCatch" "tryCatchOne" "tryCatchList" "tryCatch" "<Anonymous>" 
"ls" "FUN" "lapply" ".rs.objectsOnSearchPath" ".rs.getCompletionsSearchPath" "Reduce" "<Anonymous>" 
"gsub" ".rs.fuzzyMatches" ".rs.getCompletionsSearchPath" "Reduce" "<Anonymous>" 
"scan" "read.table" "read.csv" "best2" "file" "summaryRprof" 
"scan" "read.table" "read.csv" "best2" "file" "summaryRprof" 
"scan" "read.table" "read.csv" "best2" "file" "summaryRprof" 
"scan" "read.table" "read.csv" "best2" "file" "summaryRprof" 
"scan" "read.table" "read.csv" "best2" "file" "summaryRprof" 
"scan" "read.table" "read.csv" "best2" "file" "summaryRprof" 
"scan" "read.table" "read.csv" "best2" "file" "summaryRprof" 
"scan" "read.table" "read.csv" "best2" "file" "summaryRprof" 
"scan" "read.table" "read.csv" "best2" "file" "summaryRprof" 
"scan" "read.table" "read.csv" "best2" "file" "summaryRprof" 
"scan" "read.table" "read.csv" "best2" "file" "summaryRprof" 
"scan" "read.table" "read.csv" "best2" "file" "summaryRprof" 
".External2" "type.convert" "read.table" "read.csv" "best2" "file" "summaryRprof" 
".External2" "type.convert" "read.table" "read.csv" "best2" "file" "summaryRprof" 
".External2" "type.convert" "read.table" "read.csv" "best2" "file" "summaryRprof" 
".External2" "type.convert" "read.table" "read.csv" "best2" "file" "summaryRprof" 
".External2" "type.convert" "read.table" "read.csv" "best2" "file" "summaryRprof" 
".External2" "type.convert" "read.table" "read.csv" "best2" "file" "summaryRprof" 
".External2" "type.convert" "read.table" "read.csv" "best2" "file" "summaryRprof" 
